<?xml version="1.0" encoding="UTF-8"?>
<!-- Generated by org.testng.reporters.JUnitReportReporter -->
<testsuite hostname="DESKTOP-9GI3SDH" failures="0" tests="1" name="com.elf.testscripts.CreateCustomer" time="0.008" errors="0" timestamp="28 Jul 2020 11:44:24 GMT" skipped="0">
  <testcase classname="com.elf.testscripts.CreateCustomer" name="testCreateCustomer" time="0.008"/>
</testsuite> <!-- com.elf.testscripts.CreateCustomer -->
